2025-04-04 22:31:35,378 - __main__ - INFO - Python Architecture: 64bit
2025-04-04 22:31:35,379 - __main__ - INFO - System: Windows 11
2025-04-04 22:31:35,379 - __main__ - INFO - Python Version: 3.13.2
2025-04-04 22:31:35,380 - __main__ - INFO - Chrome Version: 135.0.7049.42
2025-04-04 22:31:35,380 - __main__ - INFO - Initializing ChromeDriver...
2025-04-04 22:31:35,381 - WDM - INFO - ====== WebDriver manager ======
2025-04-04 22:31:36,616 - WDM - INFO - Get LATEST chromedriver version for google-chrome
2025-04-04 22:31:37,005 - WDM - INFO - Get LATEST chromedriver version for google-chrome
2025-04-04 22:31:37,367 - WDM - INFO - Driver [C:\Users\yangh\.wdm\drivers\chromedriver\win64\135.0.7049.42\chromedriver-win32/THIRD_PARTY_NOTICES.chromedriver] found in cache
2025-04-04 22:31:39,331 - __main__ - ERROR - Unexpected error during ChromeDriver initialization: [WinError 193] %1 is not a valid Win32 application
2025-04-04 22:33:26,960 - __main__ - INFO - Python Architecture: 64bit
2025-04-04 22:33:26,962 - __main__ - INFO - System: Windows 11
2025-04-04 22:33:26,963 - __main__ - INFO - Python Version: 3.13.2
2025-04-04 22:33:26,963 - __main__ - INFO - Chrome Version: 135.0.7049.42
2025-04-04 22:33:26,965 - __main__ - INFO - Initializing ChromeDriver...
2025-04-04 22:33:26,966 - WDM - INFO - ====== WebDriver manager ======
2025-04-04 22:33:28,299 - WDM - INFO - Get LATEST chromedriver version for google-chrome
2025-04-04 22:33:28,740 - WDM - INFO - Get LATEST chromedriver version for google-chrome
2025-04-04 22:33:29,148 - WDM - INFO - Driver [C:\Users\yangh\.wdm\drivers\chromedriver\win64\135.0.7049.42\chromedriver-win32/THIRD_PARTY_NOTICES.chromedriver] found in cache
2025-04-04 22:33:34,249 - __main__ - INFO - ChromeDriver initialized successfully
2025-04-04 22:33:46,420 - __main__ - ERROR - Error fetching https://pocket.limitlesstcg.com/cards/A2b/1: Message: 
Stacktrace:
	GetHandleVerifier [0x00C05413+60691]
	GetHandleVerifier [0x00C05454+60756]
	(No symbol) [0x00A30693]
	(No symbol) [0x00A78660]
	(No symbol) [0x00A789FB]
	(No symbol) [0x00AC0EE2]
	(No symbol) [0x00A9D0A4]
	(No symbol) [0x00ABE6FB]
	(No symbol) [0x00A9CE56]
	(No symbol) [0x00A6C5F3]
	(No symbol) [0x00A6D444]
	GetHandleVerifier [0x00E4BBC3+2446531]
	GetHandleVerifier [0x00E47198+2427544]
	GetHandleVerifier [0x00E62D5E+2541150]
	GetHandleVerifier [0x00C1C3C5+154821]
	GetHandleVerifier [0x00C22BED+181485]
	GetHandleVerifier [0x00C0CC48+91464]
	GetHandleVerifier [0x00C0CDF0+91888]
	GetHandleVerifier [0x00BF7980+4736]
	BaseThreadInitThunk [0x76427BA9+25]
	RtlInitializeExceptionChain [0x779AC2EB+107]
	RtlClearBits [0x779AC26F+191]

2025-04-04 22:33:58,267 - __main__ - ERROR - Error fetching https://pocket.limitlesstcg.com/cards/A2b/2: Message: 
Stacktrace:
	GetHandleVerifier [0x00C05413+60691]
	GetHandleVerifier [0x00C05454+60756]
	(No symbol) [0x00A30693]
	(No symbol) [0x00A78660]
	(No symbol) [0x00A789FB]
	(No symbol) [0x00AC0EE2]
	(No symbol) [0x00A9D0A4]
	(No symbol) [0x00ABE6FB]
	(No symbol) [0x00A9CE56]
	(No symbol) [0x00A6C5F3]
	(No symbol) [0x00A6D444]
	GetHandleVerifier [0x00E4BBC3+2446531]
	GetHandleVerifier [0x00E47198+2427544]
	GetHandleVerifier [0x00E62D5E+2541150]
	GetHandleVerifier [0x00C1C3C5+154821]
	GetHandleVerifier [0x00C22BED+181485]
	GetHandleVerifier [0x00C0CC48+91464]
	GetHandleVerifier [0x00C0CDF0+91888]
	GetHandleVerifier [0x00BF7980+4736]
	BaseThreadInitThunk [0x76427BA9+25]
	RtlInitializeExceptionChain [0x779AC2EB+107]
	RtlClearBits [0x779AC26F+191]

2025-04-04 22:34:10,094 - __main__ - ERROR - Error fetching https://pocket.limitlesstcg.com/cards/A2b/3: Message: 
Stacktrace:
	GetHandleVerifier [0x00C05413+60691]
	GetHandleVerifier [0x00C05454+60756]
	(No symbol) [0x00A30693]
	(No symbol) [0x00A78660]
	(No symbol) [0x00A789FB]
	(No symbol) [0x00AC0EE2]
	(No symbol) [0x00A9D0A4]
	(No symbol) [0x00ABE6FB]
	(No symbol) [0x00A9CE56]
	(No symbol) [0x00A6C5F3]
	(No symbol) [0x00A6D444]
	GetHandleVerifier [0x00E4BBC3+2446531]
	GetHandleVerifier [0x00E47198+2427544]
	GetHandleVerifier [0x00E62D5E+2541150]
	GetHandleVerifier [0x00C1C3C5+154821]
	GetHandleVerifier [0x00C22BED+181485]
	GetHandleVerifier [0x00C0CC48+91464]
	GetHandleVerifier [0x00C0CDF0+91888]
	GetHandleVerifier [0x00BF7980+4736]
	BaseThreadInitThunk [0x76427BA9+25]
	RtlInitializeExceptionChain [0x779AC2EB+107]
	RtlClearBits [0x779AC26F+191]

2025-04-04 22:34:18,500 - urllib3.connectionpool - WARNING - Retrying (Retry(total=2, connect=None, read=None, redirect=None, status=None)) after connection broken by 'ConnectionResetError(10054, 'An existing connection was forcibly closed by the remote host', None, 10054, None)': /session/8789d1d26ff68d431f2210f0de6531f2
2025-04-04 22:52:11,255 - __main__ - INFO - Python Architecture: 64bit
2025-04-04 22:52:11,412 - __main__ - INFO - System: Windows 11
2025-04-04 22:52:11,413 - __main__ - INFO - Python Version: 3.13.2
2025-04-04 22:52:11,414 - __main__ - INFO - Chrome Version: 135.0.7049.42
2025-04-04 22:52:11,414 - __main__ - INFO - Initializing ChromeDriver...
2025-04-04 22:52:11,416 - WDM - INFO - ====== WebDriver manager ======
2025-04-04 22:52:12,814 - WDM - INFO - Get LATEST chromedriver version for google-chrome
2025-04-04 22:52:13,264 - WDM - INFO - Get LATEST chromedriver version for google-chrome
2025-04-04 22:52:13,679 - WDM - INFO - Driver [C:\Users\yangh\.wdm\drivers\chromedriver\win64\135.0.7049.42\chromedriver-win32/THIRD_PARTY_NOTICES.chromedriver] found in cache
2025-04-04 22:52:14,915 - __main__ - INFO - ChromeDriver initialized successfully
2025-04-04 22:53:43,253 - urllib3.connectionpool - WARNING - Retrying (Retry(total=2, connect=None, read=None, redirect=None, status=None)) after connection broken by 'ConnectionResetError(10054, 'An existing connection was forcibly closed by the remote host', None, 10054, None)': /session/7bbe6a34d958a55e009242aa681de1bf
